Performing C SOURCE FILE Test CMAKE_HAVE_LIBC_PTHREAD failed with the following output:
Change Dir: /home/enver/Projects/TermProject/frontend/cmake-build-debug/CMakeFiles/CMakeTmp

Run Build Command(s):/usr/bin/make cmTC_732ea/fast && make[1]: Entering directory '/home/enver/Projects/TermProject/frontend/cmake-build-debug/CMakeFiles/CMakeTmp'
/usr/bin/make -f CMakeFiles/cmTC_732ea.dir/build.make CMakeFiles/cmTC_732ea.dir/build
make[2]: Entering directory '/home/enver/Projects/TermProject/frontend/cmake-build-debug/CMakeFiles/CMakeTmp'
Building C object CMakeFiles/cmTC_732ea.dir/src.c.o
/usr/bin/cc   -DCMAKE_HAVE_LIBC_PTHREAD   -std=gnu99 -o CMakeFiles/cmTC_732ea.dir/src.c.o   -c /home/enver/Projects/TermProject/frontend/cmake-build-debug/CMakeFiles/CMakeTmp/src.c
Linking C executable cmTC_732ea
/opt/clion-2019.3/bin/cmake/linux/bin/cmake -E cmake_link_script CMakeFiles/cmTC_732ea.dir/link.txt --verbose=1
/usr/bin/cc  -DCMAKE_HAVE_LIBC_PTHREAD    CMakeFiles/cmTC_732ea.dir/src.c.o  -o cmTC_732ea 
CMakeFiles/cmTC_732ea.dir/src.c.o: In function `main':
src.c:(.text+0x3e): undefined reference to `pthread_create'
src.c:(.text+0x4a): undefined reference to `pthread_detach'
src.c:(.text+0x5b): undefined reference to `pthread_join'
src.c:(.text+0x6f): undefined reference to `pthread_atfork'
collect2: error: ld returned 1 exit status
CMakeFiles/cmTC_732ea.dir/build.make:86: recipe for target 'cmTC_732ea' failed
make[2]: *** [cmTC_732ea] Error 1
make[2]: Leaving directory '/home/enver/Projects/TermProject/frontend/cmake-build-debug/CMakeFiles/CMakeTmp'
Makefile:121: recipe for target 'cmTC_732ea/fast' failed
make[1]: *** [cmTC_732ea/fast] Error 2
make[1]: Leaving directory '/home/enver/Projects/TermProject/frontend/cmake-build-debug/CMakeFiles/CMakeTmp'


Source file was:
#include <pthread.h>

void* test_func(void* data)
{
  return data;
}

int main(void)
{
  pthread_t thread;
  pthread_create(&thread, NULL, test_func, NULL);
  pthread_detach(thread);
  pthread_join(thread, NULL);
  pthread_atfork(NULL, NULL, NULL);
  pthread_exit(NULL);

  return 0;
}

